<?xml version="1.0" encoding="UTF-8"?>
<testsuite xmlns:xsi="http://www.w3.org/2001/XMLSchema-instance" xsi:noNamespaceSchemaLocation="https://maven.apache.org/surefire/maven-surefire-plugin/xsd/surefire-test-report.xsd" name="org.example.AppTest" time="0.734" tests="1" errors="0" skipped="0" failures="0">
  <properties>
    <property name="java.specification.version" value="17"/>
    <property name="sun.jnu.encoding" value="UTF-8"/>
    <property name="java.class.path" value="/Users/emilyandreachaconguerrero/Documents/java-projects/target/test-classes:/Users/emilyandreachaconguerrero/Documents/java-projects/target/classes:/Users/emilyandreachaconguerrero/.m2/repository/junit/junit/4.13.2/junit-4.13.2.jar:/Users/emilyandreachaconguerrero/.m2/repository/org/hamcrest/hamcrest-core/1.3/hamcrest-core-1.3.jar:/Users/emilyandreachaconguerrero/.m2/repository/org/testng/testng/7.6.0/testng-7.6.0.jar:/Users/emilyandreachaconguerrero/.m2/repository/com/google/code/findbugs/jsr305/3.0.2/jsr305-3.0.2.jar:/Users/emilyandreachaconguerrero/.m2/repository/org/slf4j/slf4j-api/1.7.36/slf4j-api-1.7.36.jar:/Users/emilyandreachaconguerrero/.m2/repository/com/beust/jcommander/1.82/jcommander-1.82.jar:/Users/emilyandreachaconguerrero/.m2/repository/org/webjars/jquery/3.6.0/jquery-3.6.0.jar:/Users/emilyandreachaconguerrero/.m2/repository/io/appium/java-client/8.1.1/java-client-8.1.1.jar:/Users/emilyandreachaconguerrero/.m2/repository/org/seleniumhq/selenium/selenium-api/4.4.0/selenium-api-4.4.0.jar:/Users/emilyandreachaconguerrero/.m2/repository/org/seleniumhq/selenium/selenium-remote-driver/4.4.0/selenium-remote-driver-4.4.0.jar:/Users/emilyandreachaconguerrero/.m2/repository/com/google/auto/service/auto-service-annotations/1.0.1/auto-service-annotations-1.0.1.jar:/Users/emilyandreachaconguerrero/.m2/repository/com/google/auto/service/auto-service/1.0.1/auto-service-1.0.1.jar:/Users/emilyandreachaconguerrero/.m2/repository/com/google/auto/auto-common/1.2/auto-common-1.2.jar:/Users/emilyandreachaconguerrero/.m2/repository/com/google/guava/guava/31.1-jre/guava-31.1-jre.jar:/Users/emilyandreachaconguerrero/.m2/repository/com/google/guava/failureaccess/1.0.1/failureaccess-1.0.1.jar:/Users/emilyandreachaconguerrero/.m2/repository/com/google/guava/listenablefuture/9999.0-empty-to-avoid-conflict-with-guava/listenablefuture-9999.0-empty-to-avoid-conflict-with-guava.jar:/Users/emilyandreachaconguerrero/.m2/repository/org/checkerframework/checker-qual/3.12.0/checker-qual-3.12.0.jar:/Users/emilyandreachaconguerrero/.m2/repository/com/google/errorprone/error_prone_annotations/2.11.0/error_prone_annotations-2.11.0.jar:/Users/emilyandreachaconguerrero/.m2/repository/com/google/j2objc/j2objc-annotations/1.3/j2objc-annotations-1.3.jar:/Users/emilyandreachaconguerrero/.m2/repository/io/netty/netty-buffer/4.1.78.Final/netty-buffer-4.1.78.Final.jar:/Users/emilyandreachaconguerrero/.m2/repository/io/netty/netty-codec-http/4.1.78.Final/netty-codec-http-4.1.78.Final.jar:/Users/emilyandreachaconguerrero/.m2/repository/io/netty/netty-codec/4.1.78.Final/netty-codec-4.1.78.Final.jar:/Users/emilyandreachaconguerrero/.m2/repository/io/netty/netty-handler/4.1.78.Final/netty-handler-4.1.78.Final.jar:/Users/emilyandreachaconguerrero/.m2/repository/io/netty/netty-common/4.1.78.Final/netty-common-4.1.78.Final.jar:/Users/emilyandreachaconguerrero/.m2/repository/io/netty/netty-transport-classes-epoll/4.1.78.Final/netty-transport-classes-epoll-4.1.78.Final.jar:/Users/emilyandreachaconguerrero/.m2/repository/io/netty/netty-transport-classes-kqueue/4.1.78.Final/netty-transport-classes-kqueue-4.1.78.Final.jar:/Users/emilyandreachaconguerrero/.m2/repository/io/netty/netty-transport-native-epoll/4.1.78.Final/netty-transport-native-epoll-4.1.78.Final.jar:/Users/emilyandreachaconguerrero/.m2/repository/io/netty/netty-transport-native-kqueue/4.1.78.Final/netty-transport-native-kqueue-4.1.78.Final.jar:/Users/emilyandreachaconguerrero/.m2/repository/io/netty/netty-transport-native-unix-common/4.1.78.Final/netty-transport-native-unix-common-4.1.78.Final.jar:/Users/emilyandreachaconguerrero/.m2/repository/io/netty/netty-transport/4.1.78.Final/netty-transport-4.1.78.Final.jar:/Users/emilyandreachaconguerrero/.m2/repository/io/netty/netty-resolver/4.1.78.Final/netty-resolver-4.1.78.Final.jar:/Users/emilyandreachaconguerrero/.m2/repository/io/opentelemetry/opentelemetry-api/1.16.0/opentelemetry-api-1.16.0.jar:/Users/emilyandreachaconguerrero/.m2/repository/io/opentelemetry/opentelemetry-context/1.16.0/opentelemetry-context-1.16.0.jar:/Users/emilyandreachaconguerrero/.m2/repository/io/opentelemetry/opentelemetry-exporter-logging/1.16.0/opentelemetry-exporter-logging-1.16.0.jar:/Users/emilyandreachaconguerrero/.m2/repository/io/opentelemetry/opentelemetry-sdk-metrics/1.16.0/opentelemetry-sdk-metrics-1.16.0.jar:/Users/emilyandreachaconguerrero/.m2/repository/io/opentelemetry/opentelemetry-sdk-logs/1.16.0-alpha/opentelemetry-sdk-logs-1.16.0-alpha.jar:/Users/emilyandreachaconguerrero/.m2/repository/io/opentelemetry/opentelemetry-sdk-common/1.16.0/opentelemetry-sdk-common-1.16.0.jar:/Users/emilyandreachaconguerrero/.m2/repository/io/opentelemetry/opentelemetry-sdk-extension-autoconfigure-spi/1.16.0/opentelemetry-sdk-extension-autoconfigure-spi-1.16.0.jar:/Users/emilyandreachaconguerrero/.m2/repository/io/opentelemetry/opentelemetry-sdk-extension-autoconfigure/1.16.0-alpha/opentelemetry-sdk-extension-autoconfigure-1.16.0-alpha.jar:/Users/emilyandreachaconguerrero/.m2/repository/io/opentelemetry/opentelemetry-sdk-trace/1.16.0/opentelemetry-sdk-trace-1.16.0.jar:/Users/emilyandreachaconguerrero/.m2/repository/io/opentelemetry/opentelemetry-sdk/1.16.0/opentelemetry-sdk-1.16.0.jar:/Users/emilyandreachaconguerrero/.m2/repository/io/opentelemetry/opentelemetry-semconv/1.16.0-alpha/opentelemetry-semconv-1.16.0-alpha.jar:/Users/emilyandreachaconguerrero/.m2/repository/io/ous/jtoml/2.0.0/jtoml-2.0.0.jar:/Users/emilyandreachaconguerrero/.m2/repository/net/bytebuddy/byte-buddy/1.12.10/byte-buddy-1.12.10.jar:/Users/emilyandreachaconguerrero/.m2/repository/org/apache/commons/commons-exec/1.3/commons-exec-1.3.jar:/Users/emilyandreachaconguerrero/.m2/repository/org/asynchttpclient/async-http-client/2.12.3/async-http-client-2.12.3.jar:/Users/emilyandreachaconguerrero/.m2/repository/org/asynchttpclient/async-http-client-netty-utils/2.12.3/async-http-client-netty-utils-2.12.3.jar:/Users/emilyandreachaconguerrero/.m2/repository/io/netty/netty-codec-socks/4.1.60.Final/netty-codec-socks-4.1.60.Final.jar:/Users/emilyandreachaconguerrero/.m2/repository/io/netty/netty-handler-proxy/4.1.60.Final/netty-handler-proxy-4.1.60.Final.jar:/Users/emilyandreachaconguerrero/.m2/repository/io/netty/netty-transport-native-epoll/4.1.60.Final/netty-transport-native-epoll-4.1.60.Final-linux-x86_64.jar:/Users/emilyandreachaconguerrero/.m2/repository/io/netty/netty-transport-native-kqueue/4.1.60.Final/netty-transport-native-kqueue-4.1.60.Final-osx-x86_64.jar:/Users/emilyandreachaconguerrero/.m2/repository/org/reactivestreams/reactive-streams/1.0.3/reactive-streams-1.0.3.jar:/Users/emilyandreachaconguerrero/.m2/repository/com/typesafe/netty/netty-reactive-streams/2.0.4/netty-reactive-streams-2.0.4.jar:/Users/emilyandreachaconguerrero/.m2/repository/com/sun/activation/jakarta.activation/1.2.2/jakarta.activation-1.2.2.jar:/Users/emilyandreachaconguerrero/.m2/repository/org/seleniumhq/selenium/selenium-http/4.4.0/selenium-http-4.4.0.jar:/Users/emilyandreachaconguerrero/.m2/repository/dev/failsafe/failsafe/3.2.4/failsafe-3.2.4.jar:/Users/emilyandreachaconguerrero/.m2/repository/org/seleniumhq/selenium/selenium-json/4.4.0/selenium-json-4.4.0.jar:/Users/emilyandreachaconguerrero/.m2/repository/org/seleniumhq/selenium/selenium-support/4.4.0/selenium-support-4.4.0.jar:/Users/emilyandreachaconguerrero/.m2/repository/com/google/code/gson/gson/2.9.0/gson-2.9.0.jar:/Users/emilyandreachaconguerrero/.m2/repository/commons-codec/commons-codec/1.15/commons-codec-1.15.jar:/Users/emilyandreachaconguerrero/.m2/repository/cglib/cglib/3.3.0/cglib-3.3.0.jar:/Users/emilyandreachaconguerrero/.m2/repository/org/ow2/asm/asm/7.1/asm-7.1.jar:/Users/emilyandreachaconguerrero/.m2/repository/commons-validator/commons-validator/1.7/commons-validator-1.7.jar:/Users/emilyandreachaconguerrero/.m2/repository/commons-beanutils/commons-beanutils/1.9.4/commons-beanutils-1.9.4.jar:/Users/emilyandreachaconguerrero/.m2/repository/commons-digester/commons-digester/2.1/commons-digester-2.1.jar:/Users/emilyandreachaconguerrero/.m2/repository/commons-logging/commons-logging/1.2/commons-logging-1.2.jar:/Users/emilyandreachaconguerrero/.m2/repository/commons-collections/commons-collections/3.2.2/commons-collections-3.2.2.jar:/Users/emilyandreachaconguerrero/.m2/repository/org/apache/commons/commons-lang3/3.12.0/commons-lang3-3.12.0.jar:/Users/emilyandreachaconguerrero/.m2/repository/commons-io/commons-io/2.11.0/commons-io-2.11.0.jar:/Users/emilyandreachaconguerrero/.m2/repository/com/fasterxml/jackson/core/jackson-core/2.13.3/jackson-core-2.13.3.jar:/Users/emilyandreachaconguerrero/.m2/repository/com/fasterxml/jackson/core/jackson-databind/2.13.3/jackson-databind-2.13.3.jar:/Users/emilyandreachaconguerrero/.m2/repository/com/fasterxml/jackson/core/jackson-annotations/2.13.3/jackson-annotations-2.13.3.jar:/Users/emilyandreachaconguerrero/.m2/repository/io/rest-assured/rest-assured/5.1.1/rest-assured-5.1.1.jar:/Users/emilyandreachaconguerrero/.m2/repository/org/apache/groovy/groovy/4.0.1/groovy-4.0.1.jar:/Users/emilyandreachaconguerrero/.m2/repository/org/apache/groovy/groovy-xml/4.0.1/groovy-xml-4.0.1.jar:/Users/emilyandreachaconguerrero/.m2/repository/org/apache/httpcomponents/httpclient/4.5.13/httpclient-4.5.13.jar:/Users/emilyandreachaconguerrero/.m2/repository/org/apache/httpcomponents/httpcore/4.4.13/httpcore-4.4.13.jar:/Users/emilyandreachaconguerrero/.m2/repository/org/apache/httpcomponents/httpmime/4.5.13/httpmime-4.5.13.jar:/Users/emilyandreachaconguerrero/.m2/repository/org/hamcrest/hamcrest/2.1/hamcrest-2.1.jar:/Users/emilyandreachaconguerrero/.m2/repository/org/ccil/cowan/tagsoup/tagsoup/1.2.1/tagsoup-1.2.1.jar:/Users/emilyandreachaconguerrero/.m2/repository/io/rest-assured/json-path/5.1.1/json-path-5.1.1.jar:/Users/emilyandreachaconguerrero/.m2/repository/org/apache/groovy/groovy-json/4.0.1/groovy-json-4.0.1.jar:/Users/emilyandreachaconguerrero/.m2/repository/io/rest-assured/rest-assured-common/5.1.1/rest-assured-common-5.1.1.jar:/Users/emilyandreachaconguerrero/.m2/repository/io/rest-assured/xml-path/5.1.1/xml-path-5.1.1.jar:"/>
    <property name="java.vm.vendor" value="Oracle Corporation"/>
    <property name="sun.arch.data.model" value="64"/>
    <property name="java.vendor.url" value="https://java.oracle.com/"/>
    <property name="os.name" value="Mac OS X"/>
    <property name="java.vm.specification.version" value="17"/>
    <property name="sun.java.launcher" value="SUN_STANDARD"/>
    <property name="user.country" value="AR"/>
    <property name="sun.boot.library.path" value="/Users/emilyandreachaconguerrero/Library/Java/JavaVirtualMachines/openjdk-17.0.2/Contents/Home/lib"/>
    <property name="sun.java.command" value="/Users/emilyandreachaconguerrero/Documents/java-projects/target/surefire/surefirebooter4887896360334674169.jar /Users/emilyandreachaconguerrero/Documents/java-projects/target/surefire 2022-09-13T11-50-52_138-jvmRun1 surefire2570205600257959176tmp surefire_03655104095958043035tmp"/>
    <property name="http.nonProxyHosts" value="local|*.local|169.254/16|*.169.254/16"/>
    <property name="jdk.debug" value="release"/>
    <property name="surefire.test.class.path" value="/Users/emilyandreachaconguerrero/Documents/java-projects/target/test-classes:/Users/emilyandreachaconguerrero/Documents/java-projects/target/classes:/Users/emilyandreachaconguerrero/.m2/repository/junit/junit/4.13.2/junit-4.13.2.jar:/Users/emilyandreachaconguerrero/.m2/repository/org/hamcrest/hamcrest-core/1.3/hamcrest-core-1.3.jar:/Users/emilyandreachaconguerrero/.m2/repository/org/testng/testng/7.6.0/testng-7.6.0.jar:/Users/emilyandreachaconguerrero/.m2/repository/com/google/code/findbugs/jsr305/3.0.2/jsr305-3.0.2.jar:/Users/emilyandreachaconguerrero/.m2/repository/org/slf4j/slf4j-api/1.7.36/slf4j-api-1.7.36.jar:/Users/emilyandreachaconguerrero/.m2/repository/com/beust/jcommander/1.82/jcommander-1.82.jar:/Users/emilyandreachaconguerrero/.m2/repository/org/webjars/jquery/3.6.0/jquery-3.6.0.jar:/Users/emilyandreachaconguerrero/.m2/repository/io/appium/java-client/8.1.1/java-client-8.1.1.jar:/Users/emilyandreachaconguerrero/.m2/repository/org/seleniumhq/selenium/selenium-api/4.4.0/selenium-api-4.4.0.jar:/Users/emilyandreachaconguerrero/.m2/repository/org/seleniumhq/selenium/selenium-remote-driver/4.4.0/selenium-remote-driver-4.4.0.jar:/Users/emilyandreachaconguerrero/.m2/repository/com/google/auto/service/auto-service-annotations/1.0.1/auto-service-annotations-1.0.1.jar:/Users/emilyandreachaconguerrero/.m2/repository/com/google/auto/service/auto-service/1.0.1/auto-service-1.0.1.jar:/Users/emilyandreachaconguerrero/.m2/repository/com/google/auto/auto-common/1.2/auto-common-1.2.jar:/Users/emilyandreachaconguerrero/.m2/repository/com/google/guava/guava/31.1-jre/guava-31.1-jre.jar:/Users/emilyandreachaconguerrero/.m2/repository/com/google/guava/failureaccess/1.0.1/failureaccess-1.0.1.jar:/Users/emilyandreachaconguerrero/.m2/repository/com/google/guava/listenablefuture/9999.0-empty-to-avoid-conflict-with-guava/listenablefuture-9999.0-empty-to-avoid-conflict-with-guava.jar:/Users/emilyandreachaconguerrero/.m2/repository/org/checkerframework/checker-qual/3.12.0/checker-qual-3.12.0.jar:/Users/emilyandreachaconguerrero/.m2/repository/com/google/errorprone/error_prone_annotations/2.11.0/error_prone_annotations-2.11.0.jar:/Users/emilyandreachaconguerrero/.m2/repository/com/google/j2objc/j2objc-annotations/1.3/j2objc-annotations-1.3.jar:/Users/emilyandreachaconguerrero/.m2/repository/io/netty/netty-buffer/4.1.78.Final/netty-buffer-4.1.78.Final.jar:/Users/emilyandreachaconguerrero/.m2/repository/io/netty/netty-codec-http/4.1.78.Final/netty-codec-http-4.1.78.Final.jar:/Users/emilyandreachaconguerrero/.m2/repository/io/netty/netty-codec/4.1.78.Final/netty-codec-4.1.78.Final.jar:/Users/emilyandreachaconguerrero/.m2/repository/io/netty/netty-handler/4.1.78.Final/netty-handler-4.1.78.Final.jar:/Users/emilyandreachaconguerrero/.m2/repository/io/netty/netty-common/4.1.78.Final/netty-common-4.1.78.Final.jar:/Users/emilyandreachaconguerrero/.m2/repository/io/netty/netty-transport-classes-epoll/4.1.78.Final/netty-transport-classes-epoll-4.1.78.Final.jar:/Users/emilyandreachaconguerrero/.m2/repository/io/netty/netty-transport-classes-kqueue/4.1.78.Final/netty-transport-classes-kqueue-4.1.78.Final.jar:/Users/emilyandreachaconguerrero/.m2/repository/io/netty/netty-transport-native-epoll/4.1.78.Final/netty-transport-native-epoll-4.1.78.Final.jar:/Users/emilyandreachaconguerrero/.m2/repository/io/netty/netty-transport-native-kqueue/4.1.78.Final/netty-transport-native-kqueue-4.1.78.Final.jar:/Users/emilyandreachaconguerrero/.m2/repository/io/netty/netty-transport-native-unix-common/4.1.78.Final/netty-transport-native-unix-common-4.1.78.Final.jar:/Users/emilyandreachaconguerrero/.m2/repository/io/netty/netty-transport/4.1.78.Final/netty-transport-4.1.78.Final.jar:/Users/emilyandreachaconguerrero/.m2/repository/io/netty/netty-resolver/4.1.78.Final/netty-resolver-4.1.78.Final.jar:/Users/emilyandreachaconguerrero/.m2/repository/io/opentelemetry/opentelemetry-api/1.16.0/opentelemetry-api-1.16.0.jar:/Users/emilyandreachaconguerrero/.m2/repository/io/opentelemetry/opentelemetry-context/1.16.0/opentelemetry-context-1.16.0.jar:/Users/emilyandreachaconguerrero/.m2/repository/io/opentelemetry/opentelemetry-exporter-logging/1.16.0/opentelemetry-exporter-logging-1.16.0.jar:/Users/emilyandreachaconguerrero/.m2/repository/io/opentelemetry/opentelemetry-sdk-metrics/1.16.0/opentelemetry-sdk-metrics-1.16.0.jar:/Users/emilyandreachaconguerrero/.m2/repository/io/opentelemetry/opentelemetry-sdk-logs/1.16.0-alpha/opentelemetry-sdk-logs-1.16.0-alpha.jar:/Users/emilyandreachaconguerrero/.m2/repository/io/opentelemetry/opentelemetry-sdk-common/1.16.0/opentelemetry-sdk-common-1.16.0.jar:/Users/emilyandreachaconguerrero/.m2/repository/io/opentelemetry/opentelemetry-sdk-extension-autoconfigure-spi/1.16.0/opentelemetry-sdk-extension-autoconfigure-spi-1.16.0.jar:/Users/emilyandreachaconguerrero/.m2/repository/io/opentelemetry/opentelemetry-sdk-extension-autoconfigure/1.16.0-alpha/opentelemetry-sdk-extension-autoconfigure-1.16.0-alpha.jar:/Users/emilyandreachaconguerrero/.m2/repository/io/opentelemetry/opentelemetry-sdk-trace/1.16.0/opentelemetry-sdk-trace-1.16.0.jar:/Users/emilyandreachaconguerrero/.m2/repository/io/opentelemetry/opentelemetry-sdk/1.16.0/opentelemetry-sdk-1.16.0.jar:/Users/emilyandreachaconguerrero/.m2/repository/io/opentelemetry/opentelemetry-semconv/1.16.0-alpha/opentelemetry-semconv-1.16.0-alpha.jar:/Users/emilyandreachaconguerrero/.m2/repository/io/ous/jtoml/2.0.0/jtoml-2.0.0.jar:/Users/emilyandreachaconguerrero/.m2/repository/net/bytebuddy/byte-buddy/1.12.10/byte-buddy-1.12.10.jar:/Users/emilyandreachaconguerrero/.m2/repository/org/apache/commons/commons-exec/1.3/commons-exec-1.3.jar:/Users/emilyandreachaconguerrero/.m2/repository/org/asynchttpclient/async-http-client/2.12.3/async-http-client-2.12.3.jar:/Users/emilyandreachaconguerrero/.m2/repository/org/asynchttpclient/async-http-client-netty-utils/2.12.3/async-http-client-netty-utils-2.12.3.jar:/Users/emilyandreachaconguerrero/.m2/repository/io/netty/netty-codec-socks/4.1.60.Final/netty-codec-socks-4.1.60.Final.jar:/Users/emilyandreachaconguerrero/.m2/repository/io/netty/netty-handler-proxy/4.1.60.Final/netty-handler-proxy-4.1.60.Final.jar:/Users/emilyandreachaconguerrero/.m2/repository/io/netty/netty-transport-native-epoll/4.1.60.Final/netty-transport-native-epoll-4.1.60.Final-linux-x86_64.jar:/Users/emilyandreachaconguerrero/.m2/repository/io/netty/netty-transport-native-kqueue/4.1.60.Final/netty-transport-native-kqueue-4.1.60.Final-osx-x86_64.jar:/Users/emilyandreachaconguerrero/.m2/repository/org/reactivestreams/reactive-streams/1.0.3/reactive-streams-1.0.3.jar:/Users/emilyandreachaconguerrero/.m2/repository/com/typesafe/netty/netty-reactive-streams/2.0.4/netty-reactive-streams-2.0.4.jar:/Users/emilyandreachaconguerrero/.m2/repository/com/sun/activation/jakarta.activation/1.2.2/jakarta.activation-1.2.2.jar:/Users/emilyandreachaconguerrero/.m2/repository/org/seleniumhq/selenium/selenium-http/4.4.0/selenium-http-4.4.0.jar:/Users/emilyandreachaconguerrero/.m2/repository/dev/failsafe/failsafe/3.2.4/failsafe-3.2.4.jar:/Users/emilyandreachaconguerrero/.m2/repository/org/seleniumhq/selenium/selenium-json/4.4.0/selenium-json-4.4.0.jar:/Users/emilyandreachaconguerrero/.m2/repository/org/seleniumhq/selenium/selenium-support/4.4.0/selenium-support-4.4.0.jar:/Users/emilyandreachaconguerrero/.m2/repository/com/google/code/gson/gson/2.9.0/gson-2.9.0.jar:/Users/emilyandreachaconguerrero/.m2/repository/commons-codec/commons-codec/1.15/commons-codec-1.15.jar:/Users/emilyandreachaconguerrero/.m2/repository/cglib/cglib/3.3.0/cglib-3.3.0.jar:/Users/emilyandreachaconguerrero/.m2/repository/org/ow2/asm/asm/7.1/asm-7.1.jar:/Users/emilyandreachaconguerrero/.m2/repository/commons-validator/commons-validator/1.7/commons-validator-1.7.jar:/Users/emilyandreachaconguerrero/.m2/repository/commons-beanutils/commons-beanutils/1.9.4/commons-beanutils-1.9.4.jar:/Users/emilyandreachaconguerrero/.m2/repository/commons-digester/commons-digester/2.1/commons-digester-2.1.jar:/Users/emilyandreachaconguerrero/.m2/repository/commons-logging/commons-logging/1.2/commons-logging-1.2.jar:/Users/emilyandreachaconguerrero/.m2/repository/commons-collections/commons-collections/3.2.2/commons-collections-3.2.2.jar:/Users/emilyandreachaconguerrero/.m2/repository/org/apache/commons/commons-lang3/3.12.0/commons-lang3-3.12.0.jar:/Users/emilyandreachaconguerrero/.m2/repository/commons-io/commons-io/2.11.0/commons-io-2.11.0.jar:/Users/emilyandreachaconguerrero/.m2/repository/com/fasterxml/jackson/core/jackson-core/2.13.3/jackson-core-2.13.3.jar:/Users/emilyandreachaconguerrero/.m2/repository/com/fasterxml/jackson/core/jackson-databind/2.13.3/jackson-databind-2.13.3.jar:/Users/emilyandreachaconguerrero/.m2/repository/com/fasterxml/jackson/core/jackson-annotations/2.13.3/jackson-annotations-2.13.3.jar:/Users/emilyandreachaconguerrero/.m2/repository/io/rest-assured/rest-assured/5.1.1/rest-assured-5.1.1.jar:/Users/emilyandreachaconguerrero/.m2/repository/org/apache/groovy/groovy/4.0.1/groovy-4.0.1.jar:/Users/emilyandreachaconguerrero/.m2/repository/org/apache/groovy/groovy-xml/4.0.1/groovy-xml-4.0.1.jar:/Users/emilyandreachaconguerrero/.m2/repository/org/apache/httpcomponents/httpclient/4.5.13/httpclient-4.5.13.jar:/Users/emilyandreachaconguerrero/.m2/repository/org/apache/httpcomponents/httpcore/4.4.13/httpcore-4.4.13.jar:/Users/emilyandreachaconguerrero/.m2/repository/org/apache/httpcomponents/httpmime/4.5.13/httpmime-4.5.13.jar:/Users/emilyandreachaconguerrero/.m2/repository/org/hamcrest/hamcrest/2.1/hamcrest-2.1.jar:/Users/emilyandreachaconguerrero/.m2/repository/org/ccil/cowan/tagsoup/tagsoup/1.2.1/tagsoup-1.2.1.jar:/Users/emilyandreachaconguerrero/.m2/repository/io/rest-assured/json-path/5.1.1/json-path-5.1.1.jar:/Users/emilyandreachaconguerrero/.m2/repository/org/apache/groovy/groovy-json/4.0.1/groovy-json-4.0.1.jar:/Users/emilyandreachaconguerrero/.m2/repository/io/rest-assured/rest-assured-common/5.1.1/rest-assured-common-5.1.1.jar:/Users/emilyandreachaconguerrero/.m2/repository/io/rest-assured/xml-path/5.1.1/xml-path-5.1.1.jar:"/>
    <property name="sun.cpu.endian" value="little"/>
    <property name="user.home" value="/Users/emilyandreachaconguerrero"/>
    <property name="user.language" value="en"/>
    <property name="java.specification.vendor" value="Oracle Corporation"/>
    <property name="java.version.date" value="2022-01-18"/>
    <property name="java.home" value="/Users/emilyandreachaconguerrero/Library/Java/JavaVirtualMachines/openjdk-17.0.2/Contents/Home"/>
    <property name="file.separator" value="/"/>
    <property name="basedir" value="/Users/emilyandreachaconguerrero/Documents/java-projects"/>
    <property name="java.vm.compressedOopsMode" value="Zero based"/>
    <property name="line.separator" value="&#10;"/>
    <property name="java.specification.name" value="Java Platform API Specification"/>
    <property name="java.vm.specification.vendor" value="Oracle Corporation"/>
    <property name="surefire.real.class.path" value="/Users/emilyandreachaconguerrero/Documents/java-projects/target/surefire/surefirebooter4887896360334674169.jar"/>
    <property name="sun.management.compiler" value="HotSpot 64-Bit Tiered Compilers"/>
    <property name="ftp.nonProxyHosts" value="local|*.local|169.254/16|*.169.254/16"/>
    <property name="java.runtime.version" value="17.0.2+8-86"/>
    <property name="user.name" value="emilyandreachaconguerrero"/>
    <property name="path.separator" value=":"/>
    <property name="os.version" value="12.2.1"/>
    <property name="java.runtime.name" value="OpenJDK Runtime Environment"/>
    <property name="file.encoding" value="UTF-8"/>
    <property name="java.vm.name" value="OpenJDK 64-Bit Server VM"/>
    <property name="localRepository" value="/Users/emilyandreachaconguerrero/.m2/repository"/>
    <property name="java.vendor.url.bug" value="https://bugreport.java.com/bugreport/"/>
    <property name="java.io.tmpdir" value="/var/folders/__/klsllj495s15nh65wnb0cg8r0000gn/T/"/>
    <property name="idea.version" value="2021.3.2"/>
    <property name="java.version" value="17.0.2"/>
    <property name="user.dir" value="/Users/emilyandreachaconguerrero/Documents/java-projects"/>
    <property name="os.arch" value="x86_64"/>
    <property name="java.vm.specification.name" value="Java Virtual Machine Specification"/>
    <property name="native.encoding" value="UTF-8"/>
    <property name="java.library.path" value="/Users/emilyandreachaconguerrero/Library/Java/Extensions:/Library/Java/Extensions:/Network/Library/Java/Extensions:/System/Library/Java/Extensions:/usr/lib/java:."/>
    <property name="java.vm.info" value="mixed mode, sharing"/>
    <property name="java.vendor" value="Oracle Corporation"/>
    <property name="java.vm.version" value="17.0.2+8-86"/>
    <property name="sun.io.unicode.encoding" value="UnicodeBig"/>
    <property name="socksNonProxyHosts" value="local|*.local|169.254/16|*.169.254/16"/>
    <property name="java.class.version" value="61.0"/>
  </properties>
  <testcase name="shouldAnswerWithTrue on shouldAnswerWithTrue(org.example.AppTest)" classname="org.example.AppTest" time="0.063"/>
</testsuite>