<?xml version="1.0" encoding="UTF-8"?>
<!-- Generated by org.testng.reporters.JUnitReportReporter -->
<testsuite hostname="MacBook-Pro-de-Emily.local" failures="0" tests="1" name="org.example.AppTest" time="0.023" errors="0" timestamp="2022-09-13T11:50:53 ART" skipped="0">
  <testcase classname="org.example.AppTest" name="shouldAnswerWithTrue" time="0.023"/>
  <system-out/>
</testsuite> <!-- org.example.AppTest -->
